<?xml version="1.0" encoding="UTF-8"?>
<!-- Generated by org.testng.reporters.JUnitReportReporter -->
<testsuite hostname="geekys-MBP" failures="0" tests="3" name="mobileTests.MFilterByPropertyType" time="185.658" errors="0" timestamp="2022-07-07T20:03:16 PDT" skipped="0">
  <testcase classname="mobileTests.MFilterByPropertyType" name="mFilterSingleFamily" time="61.062"/>
  <system-out/>
  <testcase classname="mobileTests.MFilterByPropertyType" name="mFilterCondo" time="62.600"/>
  <system-out/>
  <testcase classname="mobileTests.MFilterByPropertyType" name="mFilterTownHome" time="61.996"/>
  <system-out/>
</testsuite> <!-- mobileTests.MFilterByPropertyType -->
