<?xml version="1.0" encoding="UTF-8"?>
<!-- Generated by org.testng.reporters.JUnitReportReporter -->
<testsuite hostname="geekys-MacBook-Pro.local" failures="0" tests="3" name="webTests.FilterResultsByPriceBedBath" time="78.161" errors="0" timestamp="2022-06-30T15:47:51 PDT" skipped="0">
  <testcase classname="webTests.FilterResultsByPriceBedBath" name="filterResultsBybaths" time="19.463"/>
  <system-out/>
  <testcase classname="webTests.FilterResultsByPriceBedBath" name="filterResultsByBeds" time="19.864"/>
  <system-out/>
  <testcase classname="webTests.FilterResultsByPriceBedBath" name="filterResultsByPrice" time="38.834"/>
  <system-out/>
</testsuite> <!-- webTests.FilterResultsByPriceBedBath -->
