<?xml version="1.0" encoding="UTF-8"?>
<!-- Generated by org.testng.reporters.JUnitReportReporter -->
<testsuite hostname="geekys-MacBook-Pro.local" failures="0" tests="4" name="webTests.SortResultsByPriceBedBath" time="112.293" errors="0" timestamp="2022-06-30T15:47:51 PDT" skipped="0">
  <testcase classname="webTests.SortResultsByPriceBedBath" name="sortResultsByBeds" time="29.417"/>
  <system-out/>
  <testcase classname="webTests.SortResultsByPriceBedBath" name="sortResultsByPrice" time="27.697"/>
  <system-out/>
  <testcase classname="webTests.SortResultsByPriceBedBath" name="sortResultsByBaths" time="27.980"/>
  <system-out/>
  <testcase classname="webTests.SortResultsByPriceBedBath" name="sortResultsByMostRecent" time="27.199"/>
  <system-out/>
</testsuite> <!-- webTests.SortResultsByPriceBedBath -->
