<?xml version="1.0" encoding="UTF-8"?>
<!-- Generated by org.testng.reporters.JUnitReportReporter -->
<testsuite hostname="geekys-MBP" failures="0" tests="2" name="mobileTests.MSortResultsByBedBathPriceSqFtMostRecent" time="169.413" errors="0" timestamp="2022-07-08T14:53:13 PDT" skipped="0">
  <testcase classname="mobileTests.MSortResultsByBedBathPriceSqFtMostRecent" name="mSortByBed" time="84.633"/>
  <system-out/>
  <testcase classname="mobileTests.MSortResultsByBedBathPriceSqFtMostRecent" name="mSortByBath" time="84.780"/>
  <system-out/>
</testsuite> <!-- mobileTests.MSortResultsByBedBathPriceSqFtMostRecent -->
