<?xml version="1.0" encoding="UTF-8"?>
<!-- Generated by org.testng.reporters.JUnitReportReporter -->
<testsuite hostname="geekys-MBP" failures="0" tests="2" name="mobileTests.MFilterByBedBath" time="92.515" errors="0" timestamp="2022-07-08T16:09:45 PDT" skipped="0">
  <testcase classname="mobileTests.MFilterByBedBath" name="mFilterBed" time="46.224"/>
  <system-out/>
  <testcase classname="mobileTests.MFilterByBedBath" name="mFilterBath" time="46.291"/>
  <system-out/>
</testsuite> <!-- mobileTests.MFilterByBedBath -->
