<?xml version="1.0" encoding="UTF-8"?>
<!-- Generated by org.testng.reporters.JUnitReportReporter -->
<testsuite hostname="geekys-MBP" failures="0" tests="1" name="mobileTests.MFilterByYear" time="82.946" errors="0" timestamp="2022-07-08T15:45:11 PDT" skipped="0">
  <testcase classname="mobileTests.MFilterByYear" name="mFilterYear" time="82.946"/>
  <system-out/>
</testsuite> <!-- mobileTests.MFilterByYear -->
