<?xml version="1.0" encoding="UTF-8"?>
<!-- Generated by org.testng.reporters.JUnitReportReporter -->
<testsuite hostname="geekys-MBP" failures="0" tests="1" name="mobileTests.MFilterByForSaleStatus" time="49.934" errors="0" timestamp="2022-07-07T19:13:59 PDT" skipped="0">
  <testcase classname="mobileTests.MFilterByForSaleStatus" name="mFilterForSale" time="49.934"/>
  <system-out/>
</testsuite> <!-- mobileTests.MFilterByForSaleStatus -->
