<?xml version="1.0" encoding="UTF-8"?>
<!-- Generated by org.testng.reporters.JUnitReportReporter -->
<testsuite hostname="geekys-MacBook-Pro.local" failures="0" tests="1" name="webTests.FilterMoreResultsByPropertyType" time="32.391" errors="0" timestamp="2022-06-30T15:47:51 PDT" skipped="0">
  <testcase classname="webTests.FilterMoreResultsByPropertyType" name="filterResultsByPropertyTypeLand" time="32.391"/>
  <system-out/>
</testsuite> <!-- webTests.FilterMoreResultsByPropertyType -->
