<?xml version="1.0" encoding="UTF-8"?>
<!-- Generated by org.testng.reporters.JUnitReportReporter -->
<testsuite hostname="geekys-MBP" failures="0" tests="1" name="mobileTests.MFilterByPendingStatus" time="51.912" errors="0" timestamp="2022-07-07T19:11:44 PDT" skipped="0">
  <testcase classname="mobileTests.MFilterByPendingStatus" name="mFilterPending" time="51.912"/>
  <system-out/>
</testsuite> <!-- mobileTests.MFilterByPendingStatus -->
