<?xml version="1.0" encoding="UTF-8"?>
<!-- Generated by org.testng.reporters.JUnitReportReporter -->
<testsuite hostname="geekys-MacBook-Pro.local" failures="0" tests="1" name="webTests.Login_and_Search" time="25.454" errors="0" timestamp="2022-06-30T16:17:09 PDT" skipped="0">
  <testcase classname="webTests.Login_and_Search" name="loginSearch" time="25.454"/>
  <system-out/>
</testsuite> <!-- webTests.Login_and_Search -->
