<?xml version="1.0" encoding="UTF-8"?>
<!-- Generated by org.testng.reporters.JUnitReportReporter -->
<testsuite hostname="geekys-MBP" failures="0" tests="1" name="mobileTests.MFilterBySoldStatus" time="52.422" errors="0" timestamp="2022-07-07T19:13:59 PDT" skipped="0">
  <testcase classname="mobileTests.MFilterBySoldStatus" name="mFilterSold" time="52.422"/>
  <system-out/>
</testsuite> <!-- mobileTests.MFilterBySoldStatus -->
