<?xml version="1.0" encoding="UTF-8"?>
<!-- Generated by org.testng.reporters.JUnitReportReporter -->
<testsuite hostname="geekys-MBP" failures="0" tests="1" name="mobileTests.MFilterBySqFt" time="54.771" errors="0" timestamp="2022-07-07T16:00:53 PDT" skipped="0">
  <testcase classname="mobileTests.MFilterBySqFt" name="mFilterSqFt" time="54.771"/>
  <system-out/>
</testsuite> <!-- mobileTests.MFilterBySqFt -->
