<?xml version="1.0" encoding="UTF-8"?>
<!-- Generated by org.testng.reporters.JUnitReportReporter -->
<testsuite skipped="0" hostname="macbookpros-MacBook-Pro.local" name="webTests.FilterMoreResultsByStatus" tests="3" failures="0" timestamp="02 Nov 2019 23:30:30 GMT" time="157.796" errors="0">
  <testcase name="filterResultsByPendingStatus" time="52.993" classname="webTests.FilterMoreResultsByStatus"/>
  <testcase name="filterResultsBySoldStatus" time="51.993" classname="webTests.FilterMoreResultsByStatus"/>
  <testcase name="filterResultsByForSaleStatus" time="52.810" classname="webTests.FilterMoreResultsByStatus"/>
</testsuite> <!-- webTests.FilterMoreResultsByStatus -->
