<?xml version="1.0" encoding="UTF-8"?>
<!-- Generated by org.testng.reporters.JUnitReportReporter -->
<testsuite hostname="geekys-MBP" failures="0" tests="1" name="mobileTests.MFilterByKeyword" time="71.928" errors="0" timestamp="2022-07-08T13:46:20 PDT" skipped="0">
  <testcase classname="mobileTests.MFilterByKeyword" name="mFilterKeyword" time="71.928"/>
  <system-out/>
</testsuite> <!-- mobileTests.MFilterByKeyword -->
