<?xml version="1.0" encoding="UTF-8"?>
<!-- Generated by org.testng.reporters.JUnitReportReporter -->
<testsuite skipped="0" hostname="Angelas-MacBook-Pro.local" name="webTests.Login_NegativeTests" tests="1" failures="0" timestamp="06 Jun 2019 17:46:51 GMT" time="12.342" errors="0">
  <testcase name="loginWrongPwd" time="12.342" classname="webTests.Login_NegativeTests"/>
</testsuite> <!-- webTests.Login_NegativeTests -->
